build/outputs/mapping/release/seeds.txt
com.hts.hable_pos.implementation.ExtendWNInterface: java.lang.String exWNCheckRooting2()
com.hts.hable_pos.PrintJobMonitorService
com.hts.hable_pos.Startup
com.hts.hable_pos.BaseActivity: BaseActivity()
com.hts.hable_pos.implementation.ExtendWNInterface: void Custom_Dialog(java.lang.String,java.lang.String,int,int)
com.hts.hable_pos.BLTPrint
com.hts.hable_pos.samples.activity.SampleActivity: SampleActivity()
com.hts.hable_pos.HTMLPrint
com.hts.hable_pos.implementation.SocketDataNetworkManager: void requestData(java.lang.String,m.client.android.library.core.common.DataHandler,java.lang.String,java.lang.Object,m.client.android.library.core.model.NetReqOptions)
com.hts.hable_pos.samples.activity.SampleNativeMapActivity
com.hts.hable_pos.samples.activity.SampleNativeMapActivity: SampleNativeMapActivity()
com.hts.hable_pos.implementation.ExtendWNInterface: void exHideIndicator()
com.hts.hable_pos.implementation.HttpDefaultNetworkManager: HttpDefaultNetworkManager()
com.hts.hable_pos.implementation.SocketDataNetworkManager: void disconnect()
com.hts.hable_pos.implementation.SocketDataNetworkManager: SocketDataNetworkManager()
com.hts.hable_pos.PrintJobMonitorService: PrintJobMonitorService()
com.hts.hable_pos.implementation.HttpDefaultNetworkManager: org.json.JSONObject setRequestHttpHeader(java.lang.String,m.client.android.library.core.model.NetReqOptions,int)
com.hts.hable_pos.implementation.ExtendWNInterface: int extendShouldOverrideUrlLoading(android.webkit.WebView,java.lang.String)
com.hts.hable_pos.samples.activity.SampleActivity2
com.hts.hable_pos.samples.activity.ShowPushPopup
com.hts.hable_pos.implementation.ExtendWNInterface: void wnCBSecurityKeyboard(android.content.Intent)
com.hts.hable_pos.HTMLPrint: HTMLPrint()
com.hts.hable_pos.implementation.ExtendWNInterface: void exShowIndicator(java.lang.String)
com.hts.hable_pos.implementation.ExtendWNInterface: void onExtendPageFinished(android.webkit.WebView,java.lang.String)
com.hts.hable_pos.implementation.ExtendWNInterface: java.lang.String exWNCheckRooting()
com.hts.hable_pos.implementation.SocketDataNetworkManager: int getBodyLen(byte[])
com.hts.hable_pos.samples.activity.StartActivity: StartActivity()
com.hts.hable_pos.implementation.HttpDefaultNetworkManager: void disconnect()
com.hts.hable_pos.samples.activity.BatchTempActivity
com.hts.hable_pos.BaseActivity
com.hts.hable_pos.implementation.SocketDataNetworkManager
com.hts.hable_pos.samples.activity.SampleNativeListActivity: SampleNativeListActivity()
com.hts.hable_pos.implementation.SocketDataNetworkManager: void handlingError(int,int)
com.hts.hable_pos.BLTPrint: void onClickButtonSend(android.view.View)
com.hts.hable_pos.implementation.ExtendWNInterface: java.lang.String ROOTING_PATH_2
com.hts.hable_pos.implementation.HttpDefaultNetworkManager: java.lang.String setRequestData(org.json.JSONObject,m.client.android.library.core.common.DataHandler,m.client.android.library.core.model.NetReqOptions,int)
com.hts.hable_pos.implementation.ExtendWNInterface: java.lang.String ROOTING_PATH_4
com.hts.hable_pos.implementation.ExtendWNInterface: void exPrintHtml(java.lang.String,java.lang.String,java.lang.String,java.lang.String,java.lang.String,java.lang.String,java.lang.String,java.lang.String,java.lang.String,java.lang.String,java.lang.String,java.lang.String)
com.hts.hable_pos.samples.activity.StartActivity
com.hts.hable_pos.implementation.ExtendWNInterface: void onExtendActivityResult(java.lang.Integer,java.lang.Integer,android.content.Intent)
com.hts.hable_pos.samples.activity.ImageList2Activity: ImageList2Activity()
com.hts.hable_pos.implementation.SocketDataNetworkManager: m.client.android.library.core.common.DataHandler getResponseBody(m.client.android.library.core.common.DataHandler)
com.hts.hable_pos.implementation.HttpDefaultNetworkManager: org.json.JSONObject getResponseHttpHeader(org.apache.http.Header[],int)
...
android.support.v4.view.WindowInsetsCompat: int getStableInsetLeft()
android.support.v4.media.TransportMediatorCallback: void playbackPositionUpdate(long)
android.support.v4.app.NotificationCompatApi21
android.support.v4.view.AccessibilityDelegateCompatIcs$1: void sendAccessibilityEventUnchecked(android.view.View,android.view.accessibility.AccessibilityEvent)
org.apache.james.mime4j.field.address.parser.SimpleCharStream: char BeginToken()
org.apache.http.entity.mime.HttpMultipartMode: org.apache.http.entity.mime.HttpMultipartMode BROWSER_COMPATIBLE
android.support.v4.app.RemoteInputCompatJellybean
android.support.v4.view.accessibility.AccessibilityNodeInfoCompat$AccessibilityNodeInfoJellybeanImpl: java.lang.Object findFocus(java.lang.Object,int)
org.apache.mina.transport.socket.DefaultSocketSessionConfig: boolean isTcpNoDelay()
android.support.v4.app.BackStackState: BackStackState(android.support.v4.app.BackStackRecord)
android.support.v4.app.FragmentActivity: void onPostResume()
android.support.v4.app.FragmentHostCallback: void inactivateFragment(java.lang.String)
android.support.v4.media.session.MediaControllerCompat$TransportControlsApi21: void skipToNext()
android.support.v4.app.ActivityOptionsCompat21: android.support.v4.app.ActivityOptionsCompat21 makeSceneTransitionAnimation(android.app.Activity,android.view.View[],java.lang.String[])
android.support.v4.widget.CursorAdapter: int FLAG_AUTO_REQUERY
android.support.v4.media.MediaBrowserCompat: void unsubscribe(java.lang.String)
org.apache.mina.core.buffer.IoBufferWrapper: boolean prefixedDataAvailable(int)
android.support.v4.app.NotificationCompat$NotificationCompatImplApi20: android.support.v4.app.NotificationCompat$Action getAction(android.app.Notification,int)
org.apache.mina.core.buffer.IoBuffer: org.apache.mina.core.buffer.IoBuffer putMediumInt(int,int)
android.support.v4.view.MenuItemCompat$IcsMenuVersionImpl: boolean collapseActionView(android.view.MenuItem)
org.apache.mina.util.byteaccess.CompositeByteArrayRelativeWriter: java.nio.ByteOrder order()
android.support.v4.app.FragmentManagerImpl: boolean modifiesAlpha(android.view.animation.Animation)
android.support.v4.util.SimpleArrayMap: int size()
android.support.v4.view.NestedScrollingChildHelper: boolean dispatchNestedPreScroll(int,int,int[],int[])
org.apache.mina.core.session.AbstractIoSession: void setScheduledWriteMessages(int)
android.support.v4.view.accessibility.AccessibilityNodeInfoCompat$AccessibilityNodeInfoStubImpl: void setMovementGranularities(java.lang.Object,int)
org.apache.james.mime4j.field.structured.parser.StructuredFieldParserTokenManager: int curLexState
org.apache.mina.filter.executor.IoEventQueueThrottle: org.slf4j.Logger LOGGER
org.apache.james.mime4j.field.address.parser.ASTroute: ASTroute(int)
android.support.v4.app.FragmentController: java.util.List getActiveFragments(java.util.List)
org.apache.mina.core.buffer.IoBuffer: java.util.EnumSet getEnumSetInt(int,java.lang.Class)
android.support.v4.view.accessibility.AccessibilityNodeInfoCompatJellybeanMr1: void setLabelFor(java.lang.Object,android.view.View,int)
android.support.v4.view.accessibility.AccessibilityNodeInfoCompat: int ACTION_LONG_CLICK
org.apache.james.mime4j.storage.StorageOutputStream: StorageOutputStream()
android.support.v4.view.accessibility.AccessibilityNodeInfoCompat$CollectionItemInfoCompat: AccessibilityNodeInfoCompat$CollectionItemInfoCompat(java.lang.Object)
org.apache.mina.filter.logging.LoggingFilter: LoggingFilter(java.lang.Class)
org.apache.james.mime4j.util.MimeUtil: int nextCounterValue()
android.support.v4.view.ViewCompatLollipop$1: ViewCompatLollipop$1(android.support.v4.view.OnApplyWindowInsetsListener)
org.apache.james.mime4j.util.StringArrayMap$2: StringArrayMap$2(java.lang.String[])
android.support.v4.app.FragmentManagerImpl$2: android.support.v4.app.FragmentManagerImpl this$0
com.artifex.mupdfdemo.MuPDFReaderView
android.support.v4.app.BackStackRecord$Op