build/outputs/mapping/release/mapping.txt
# compiler: R8
# compiler_version: 2.1.86
# min_api: 19
# pg_map_id: 74800d2
# common_typos_disable
com.hts.hable_pos.BLTPrint -> com.hts.hable_pos.BLTPrint:
    com.hts.hable_pos.ConnectedThread connectedThread -> j
    android.widget.TextView textStatus -> c
    java.util.Set pairedDevices -> f
    java.util.ArrayList deviceAddressArray -> h
    java.util.UUID BT_MODULE_UUID -> b
    java.lang.String TAG -> a
    android.widget.ArrayAdapter btArrayAdapter -> g
    android.bluetooth.BluetoothSocket btSocket -> i
    android.bluetooth.BluetoothAdapter btAdapter -> e
    android.widget.ListView listView -> d
    android.bluetooth.BluetoothSocket access$000(com.hts.hable_pos.BLTPrint,android.bluetooth.BluetoothDevice) -> a
    void back() -> b
    void close() -> c
    android.bluetooth.BluetoothSocket createBluetoothSocket(android.bluetooth.BluetoothDevice) -> d
    void setStatus(java.lang.String,int) -> e
com.hts.hable_pos.BLTPrint$1 -> com.hts.hable_pos.BLTPrint$a:
    com.hts.hable_pos.BLTPrint this$0 -> c
    java.lang.String val$statusMessage -> b
    int val$color -> a
com.hts.hable_pos.BLTPrint$myOnItemClickListener -> com.hts.hable_pos.BLTPrint$b:
    com.hts.hable_pos.BLTPrint this$0 -> a
com.hts.hable_pos.BaseActivity -> com.hts.hable_pos.BaseActivity:
    java.lang.String mCurrentPhotoPath -> F
    com.hts.hable_pos.samples.SoundManager soundManager -> H
    android.media.SoundPool soundPool -> G
    void onPageFinished(android.webkit.WebView,java.lang.String) -> H
    void onPageStarted(android.webkit.WebView,java.lang.String,android.graphics.Bitmap) -> I
    void Custom_Dialog(java.lang.String,java.lang.String,int,int) -> W
    void build_sound() -> X
    void callTakePictureActivity() -> Y
    void checkPermission() -> Z
    java.io.File createImageFile() -> a0
    java.lang.String getDeviceInfo() -> b0
    java.lang.String getPreferences(java.lang.String,java.lang.String,java.lang.String) -> c0
    java.lang.String getVersionInfo() -> d0
    boolean isCamearaPermissionGranted() -> e0
    void setPreferences(java.lang.String,java.lang.String,java.lang.String) -> f0
    void sound_play(java.lang.String) -> g0
    void takePicture() -> h0
com.hts.hable_pos.BaseActivity$1 -> com.hts.hable_pos.BaseActivity$a:
    java.lang.String val$fileNm -> a
    com.hts.hable_pos.BaseActivity this$0 -> b
com.hts.hable_pos.BaseActivity$2 -> com.hts.hable_pos.BaseActivity$b:
    android.app.AlertDialog val$alertDialog -> a
com.hts.hable_pos.BaseActivity$3 -> com.hts.hable_pos.BaseActivity$c:
    android.content.Intent val$data -> a
    com.hts.hable_pos.BaseActivity this$0 -> b
com.hts.hable_pos.ConnectedThread -> c.c.a.a:
    java.io.OutputStream mmOutStream -> b
    java.io.InputStream mmInStream -> a
    void write(java.lang.String) -> a
com.hts.hable_pos.HTMLPrint -> com.hts.hable_pos.HTMLPrint:
    android.webkit.WebView wv -> a
    android.print.PrintManager mgr -> b
    com.hts.hable_pos.HTMLPrint HP -> c
    android.print.PrintJob access$000(com.hts.hable_pos.HTMLPrint,java.lang.String,android.print.PrintDocumentAdapter,android.print.PrintAttributes) -> a
    void back() -> b
    android.webkit.WebView getWebView() -> c
    android.webkit.WebView prepPrintWebView(java.lang.String) -> d
    android.print.PrintJob print(java.lang.String,android.print.PrintDocumentAdapter,android.print.PrintAttributes) -> e
    void printReport() -> f
com.hts.hable_pos.HTMLPrint$1 -> com.hts.hable_pos.HTMLPrint$a:
    java.lang.String val$name -> a
    com.hts.hable_pos.HTMLPrint this$0 -> b
com.hts.hable_pos.HTMLPrint$TpsReportContext -> com.hts.hable_pos.HTMLPrint$b:
    java.util.Date time -> a
    java.text.SimpleDateFormat fmt -> b
com.hts.hable_pos.MyPrintDocumentAdapter -> c.c.a.b:
    android.print.PrintDocumentAdapter delegate -> a
    com.hts.hable_pos.HTMLPrint HP -> b
    void setHTML(com.hts.hable_pos.HTMLPrint) -> a
...
m.client.android.library.core.bridge.InterfaceJavascript$2 -> m.client.android.library.core.bridge.InterfaceJavascript$l:
    m.client.android.library.core.bridge.InterfaceJavascript this$0 -> d
    java.lang.String val$fTargetUrl -> a
    java.lang.String val$url -> c
    java.lang.String val$isReplacing -> b
m.client.android.library.core.bridge.InterfaceJavascript$3 -> m.client.android.library.core.bridge.InterfaceJavascript$m:
m.client.android.library.core.bridge.InterfaceJavascript$4 -> m.client.android.library.core.bridge.InterfaceJavascript$n:
m.client.android.library.core.bridge.InterfaceJavascript$5 -> m.client.android.library.core.bridge.InterfaceJavascript$o:
    m.client.android.library.core.bridge.InterfaceJavascript this$0 -> a
m.client.android.library.core.bridge.InterfaceJavascript$6 -> m.client.android.library.core.bridge.InterfaceJavascript$p:
    m.client.android.library.core.bridge.InterfaceJavascript this$0 -> a
    void onFail(java.lang.String) -> a
    void onSuccess(java.lang.String) -> b
m.client.android.library.core.bridge.InterfaceJavascript$6$1 -> m.client.android.library.core.bridge.InterfaceJavascript$p$a:
    java.lang.StringBuffer val$sbuff -> a
    m.client.android.library.core.bridge.InterfaceJavascript$6 this$1 -> b
m.client.android.library.core.bridge.InterfaceJavascript$6$2 -> m.client.android.library.core.bridge.InterfaceJavascript$p$b:
    java.lang.String val$result -> a
    m.client.android.library.core.bridge.InterfaceJavascript$6 this$1 -> b
m.client.android.library.core.bridge.InterfaceJavascript$7 -> m.client.android.library.core.bridge.InterfaceJavascript$q:
    m.client.android.library.core.bridge.InterfaceJavascript this$0 -> a
    void onFail(java.lang.String) -> a
    void onSuccess(java.lang.String) -> b
m.client.android.library.core.bridge.InterfaceJavascript$7$1 -> m.client.android.library.core.bridge.InterfaceJavascript$q$a:
    java.lang.StringBuffer val$sbuff -> a
    m.client.android.library.core.bridge.InterfaceJavascript$7 this$1 -> b
m.client.android.library.core.bridge.InterfaceJavascript$7$2 -> m.client.android.library.core.bridge.InterfaceJavascript$q$b:
    m.client.android.library.core.bridge.InterfaceJavascript$7 this$1 -> a
m.client.android.library.core.bridge.InterfaceJavascript$8 -> m.client.android.library.core.bridge.InterfaceJavascript$r:
    m.client.android.library.core.bridge.InterfaceJavascript this$0 -> e
    java.lang.String val$_parameters -> a
    java.lang.String val$_aniType -> c
    java.lang.String val$_targetUrl -> b
    java.lang.String val$_orientationType -> d
m.client.android.library.core.bridge.InterfaceJavascript$9 -> m.client.android.library.core.bridge.InterfaceJavascript$s:
    m.client.android.library.core.bridge.InterfaceJavascript this$0 -> e
    java.lang.String val$_parameters -> a
    java.lang.String val$_aniType -> c
    java.lang.String val$_targetUrl -> b
    java.lang.String val$_orientationType -> d
m.client.android.library.core.common.CommonLibFunctions -> e.a.a.a.a.b.a:
    void actionPhoneCall(java.lang.String) -> a