build/outputs/mapping/release/usage.txt
com.hts.hable_pos.SSLConnect
com.hts.hable_pos.samples.activity.StartActivity$1
com.hts.hable_pos.BuildConfig
com.hts.hable_pos.R$xml
com.hts.hable_pos.R$string
com.hts.hable_pos.R$style
com.hts.hable_pos.samples.activity.StartActivity$1$1
com.hts.hable_pos.R$anim
com.hts.hable_pos.samples.activity.SampleNativeMapActivity:
    public void handlingError(java.lang.String,java.lang.String,java.lang.String,java.lang.String,m.client.android.library.core.model.NetReqOptions)
    public void requestData(java.lang.String,java.lang.String,m.client.android.library.core.common.DataHandler,m.client.android.library.core.model.NetReqOptions)
    public void responseData(int,java.lang.String,java.lang.String,java.lang.String,m.client.android.library.core.model.NetReqOptions)
com.hts.hable_pos.samples.activity.ShowPushPopup:
    public void play()
    android.content.Context context
    private android.media.SoundPool sound_pool
    private int sound_correct
com.hts.hable_pos.HTMLPrint$TpsReportContext:
    java.lang.String getReportDate()
    java.lang.String getMOVETYPE()
    java.lang.String getMOVENM()
    java.lang.String getVENDOR_NM()
    java.lang.String getMOVENO()
    java.lang.String getMOVEDESC()
    java.lang.String getLCREATE_NM()
    java.lang.String getTOTAL()
com.hts.hable_pos.R$raw
com.hts.hable_pos.BLTPrint:
    public static boolean getType(java.lang.String)
    public void enableSendButton(boolean)
    public void enableConnectButton(boolean)
    private static final int REQUEST_ENABLE_BT
com.hts.hable_pos.PrintJobMonitorService:
    private static final int POLL_PERIOD
com.hts.hable_pos.BaseActivity:
    boolean play
    int playSoundId
    public static final int ACT_REQ_CODE_TAKE_PHOTO
    public static final int PERM_REQ_CODE_TAKE_PHOTO
com.hts.hable_pos.BLTPrint$3
com.hts.hable_pos.SSLConnect$2
com.hts.hable_pos.samples.activity.StartActivity:
    static synthetic android.app.Activity access$000(com.hts.hable_pos.samples.activity.StartActivity)
    public void requestResource()
com.hts.hable_pos.R$layout
com.hts.hable_pos.BLTPrint$2
com.hts.hable_pos.SSLConnect$1
com.hts.hable_pos.implementation.SocketDataNetworkManager:
    private byte[] recvData
com.hts.hable_pos.samples.utils.ListAdapter:
    public void <init>(android.content.Context,int,java.lang.Object[])
    public abstract android.view.View getView(int,android.view.View,android.view.ViewGroup)
    public int getResourceId()
    public void setResourceId(int)
com.hts.hable_pos.Startup:
    private static java.io.File[] createFiles(java.lang.String[])
    private static varargs boolean checkRootingFiles(java.io.File[])
    public boolean exWNCheckRooting_Start()
    public static final java.lang.String ROOTING_PATH_1
    public static final java.lang.String ROOTING_PATH_2
    public static final java.lang.String ROOTING_PATH_3
    public static final java.lang.String ROOTING_PATH_4
    public static final java.lang.String ROOTING_PATH_5
    public static final java.lang.String ROOTING_PATH_6
    public static final java.lang.String ROOTING_PATH_7
    public static final java.lang.String ROOTING_PATH_8
    public static final java.lang.String ROOTING_PATH_9
    public static final java.lang.String ROOTING_PATH_10
    public static final java.lang.String ROOTING_PATH_11
    public static final java.lang.String ROOTING_PATH_12
    public static final java.lang.String ROOTING_PATH_13
    public static final java.lang.String ROOTING_PATH_14
    public static final java.lang.String ROOTING_PATH_15
    public static final java.lang.String ROOTING_PATH_16
    public static final java.lang.String ROOTING_PATH_17
    public static final java.lang.String ROOTING_PATH_18
com.hts.hable_pos.R$drawable
com.hts.hable_pos.R$color
com.hts.hable_pos.R
com.hts.hable_pos.R$id
com.hts.hable_pos.samples.SoundManager:
    public void add_play_sound(int,int)
    public void stopSound(int)
    public void pauseSound(int)
    public void resumeSound(int)
...
m.client.android.library.core.networks.commonnet.ftp.FTPClient$CSL:
    public void bytesTransferred(m.client.android.library.core.networks.commonnet.io.CopyStreamEvent)
android.support.annotation.MainThread
m.client.android.library.core.utils.UriParser:
    public void <init>()
    public static java.lang.String uriToFilename(android.content.Context,android.net.Uri)
com.samskivert.mustache.Template:
    public void execute(java.lang.Object,java.lang.Object,java.io.Writer)
    public void visit(com.samskivert.mustache.Mustache$Visitor)
    protected static final java.lang.String DOT_NAME
    protected static final java.lang.String THIS_NAME
    protected static final java.lang.String FIRST_NAME
    protected static final java.lang.String LAST_NAME
    protected static final java.lang.String INDEX_NAME
com.android.volley.Request$Priority
nl.creativeskills.mupdf.SearchTaskResult:
    void <init>(java.lang.String,int,android.graphics.RectF[])
    public final java.lang.String txt
nl.creativeskills.mupdf.MuPDFAlert$ButtonGroupType
android.support.annotation.AttrRes
m.client.android.library.core.lws.utility.Utility:
    public void <init>()
    public static java.lang.String getLocalIpAddress(int)
    public static java.lang.String getLocalIpAddress()
    public static java.lang.String convertStreamToString(java.io.InputStream)
    public static java.lang.String openHTMLString(android.content.Context,int)
    public static final int TYPE_INET4ADDRESS
    public static final int TYPE_INET6ADDRESS
m.client.android.library.core.utils.AES128Util
m.client.android.library.core.common.LibDefinitions$colors
com.android.volley.toolbox.ByteArrayPool
com.android.volley.toolbox.StringRequest
m.client.android.library.core.networks.commonnet.ProtocolCommandSupport:
    public void addProtocolCommandListener(m.client.android.library.core.networks.commonnet.ProtocolCommandListener)
    public void removeProtocolCommandListener(m.client.android.library.core.networks.commonnet.ProtocolCommandListener)
    private static final long serialVersionUID
m.client.android.library.core.lws.webserver.WebServer:
    public android.content.Context getContext()
    private static final java.lang.String SERVER_NAME
    private static final java.lang.String ALL_PATTERN
    private static final java.lang.String MESSAGE_PATTERN
    private static final java.lang.String FOLDER_PATTERN
m.client.android.library.core.networks.http.SerializableCookie
m.client.android.library.core.bridge.InterfaceJavascript$10$1
net.sf.jazzlib.DeflaterPending
m.client.android.library.core.utils.PathUtils:
    public void <init>()
    public static java.lang.String getSimeplePageName(java.lang.String)